<?xml version="1.0" encoding="UTF-8"?>
<!-- Generated by org.testng.reporters.JUnitReportReporter -->
<testsuite hostname="wottakwot" failures="0" tests="2" name="PageObjectTests.BasketTest" time="112.567" errors="0" timestamp="2022-07-10T15:51:17 EEST" skipped="0">
  <testcase classname="PageObjectTests.BasketTest" name="notAtomicityMethod" time="66.551"/>
  <system-out/>
  <testcase classname="PageObjectTests.BasketTest" name="notAtomicityMethod" time="46.016"/>
  <system-out/>
</testsuite> <!-- PageObjectTests.BasketTest -->
